<?xml version="1.0" encoding="UTF-8"?>
<!-- Generated by org.testng.reporters.JUnitReportReporter -->
<testsuite hostname="LAPTOP-LC6QNUDA" failures="0" tests="1" name="utility.BasicCalculator" time="0.019" errors="0" timestamp="2023-11-10T15:50:18 IST" skipped="0">
  <testcase classname="utility.BasicCalculator" name="sum" time="0.019"/>
</testsuite> <!-- utility.BasicCalculator -->
